tread 'tree(s) from TNT, for data in 027_MOL_data.tnt'
(Novocrania (Neoancistrocrania ((Terebratulina (Terebratalia (((Manithyris (Acanthobasiliola Notosaria ))(Neorhynchia (Frieleia Hemithiris )))(Parasphenarina (Basiliolella (Basiliola_lucida (Basiliola_beecheri (Cryptopora Tethyrhynchia ))))))))(Discina Pelagodiscus ))))*
(Novocrania (Neoancistrocrania ((Terebratulina (Terebratalia (((Acanthobasiliola Notosaria )(Manithyris (Neorhynchia (Frieleia Hemithiris ))))((Parasphenarina (Basiliolella (Basiliola_beecheri Basiliola_lucida )))(Cryptopora Tethyrhynchia )))))(Discina Pelagodiscus ))))*
(Novocrania (Neoancistrocrania ((Terebratulina (Terebratalia (((Manithyris (Acanthobasiliola Notosaria ))(Neorhynchia (Frieleia Hemithiris )))((Basiliola_lucida (Basiliolella (Basiliola_beecheri Parasphenarina )))(Cryptopora Tethyrhynchia )))))(Discina Pelagodiscus ))))*
(Novocrania (Neoancistrocrania ((Terebratulina (Terebratalia (((Acanthobasiliola Notosaria )(Manithyris (Neorhynchia (Frieleia Hemithiris ))))((Parasphenarina (Basiliola_beecheri (Basiliola_lucida Basiliolella )))(Cryptopora Tethyrhynchia )))))(Discina Pelagodiscus ))))*
(Novocrania (Neoancistrocrania ((Terebratulina (Terebratalia (((Acanthobasiliola Notosaria )(Manithyris (Neorhynchia (Frieleia Hemithiris ))))(((Basiliola_beecheri Parasphenarina )(Basiliola_lucida Basiliolella ))(Cryptopora Tethyrhynchia )))))(Discina Pelagodiscus ))))*
(Novocrania (Neoancistrocrania ((Terebratulina (Terebratalia (((Manithyris (Acanthobasiliola Notosaria ))(Neorhynchia (Frieleia Hemithiris )))((Parasphenarina (Basiliola_beecheri (Basiliola_lucida Basiliolella )))(Cryptopora Tethyrhynchia )))))(Discina Pelagodiscus ))))*
(Novocrania (Neoancistrocrania ((Terebratulina (Terebratalia (((Acanthobasiliola Notosaria )(Manithyris (Neorhynchia (Frieleia Hemithiris ))))((Basiliola_beecheri (Parasphenarina (Basiliola_lucida Basiliolella )))(Cryptopora Tethyrhynchia )))))(Discina Pelagodiscus ))))*
(Novocrania (Neoancistrocrania ((Terebratulina (Terebratalia (((Manithyris (Notosaria (Acanthobasiliola Cryptopora )))(Neorhynchia (Frieleia Hemithiris )))(Tethyrhynchia ((Basiliola_beecheri Parasphenarina )(Basiliola_lucida Basiliolella ))))))(Discina Pelagodiscus ))))*
(Novocrania (Neoancistrocrania ((Terebratulina (Terebratalia (((Manithyris (Acanthobasiliola Notosaria ))(Neorhynchia (Frieleia Hemithiris )))((Parasphenarina (Basiliolella (Basiliola_beecheri Basiliola_lucida )))(Cryptopora Tethyrhynchia )))))(Discina Pelagodiscus ))))*
(Novocrania (Neoancistrocrania ((Terebratulina (Terebratalia (((Manithyris (Acanthobasiliola Notosaria ))(Neorhynchia (Frieleia Hemithiris )))((Basiliola_beecheri (Basiliola_lucida (Basiliolella Parasphenarina )))(Cryptopora Tethyrhynchia )))))(Discina Pelagodiscus ))))*
(Novocrania (Neoancistrocrania ((Terebratulina (Terebratalia (((Cryptopora (Acanthobasiliola Notosaria ))(Manithyris (Neorhynchia (Frieleia Hemithiris ))))(Tethyrhynchia (Parasphenarina (Basiliola_beecheri (Basiliola_lucida Basiliolella )))))))(Discina Pelagodiscus ))))*
(Novocrania (Neoancistrocrania ((Terebratulina (Terebratalia (((Manithyris (Acanthobasiliola Notosaria ))(Neorhynchia (Frieleia Hemithiris )))((Basiliola_beecheri (Parasphenarina (Basiliola_lucida Basiliolella )))(Cryptopora Tethyrhynchia )))))(Discina Pelagodiscus ))))*
(Novocrania (Neoancistrocrania ((Terebratulina (Terebratalia (((Manithyris (Notosaria (Acanthobasiliola Cryptopora )))(Neorhynchia (Frieleia Hemithiris )))(Tethyrhynchia (Basiliola_beecheri (Parasphenarina (Basiliola_lucida Basiliolella )))))))(Discina Pelagodiscus ))))*
(Novocrania (Neoancistrocrania ((Terebratulina (Terebratalia (((Acanthobasiliola Notosaria )(Manithyris (Neorhynchia (Frieleia Hemithiris ))))((Basiliola_beecheri (Basiliola_lucida (Basiliolella Parasphenarina )))(Cryptopora Tethyrhynchia )))))(Discina Pelagodiscus ))))*
(Novocrania (Neoancistrocrania ((Terebratulina (Terebratalia (((Notosaria (Acanthobasiliola Cryptopora ))(Manithyris (Neorhynchia (Frieleia Hemithiris ))))(Tethyrhynchia ((Basiliola_beecheri Parasphenarina )(Basiliola_lucida Basiliolella ))))))(Discina Pelagodiscus ))))*
(Novocrania (Neoancistrocrania ((Terebratulina (Terebratalia (((Manithyris (Acanthobasiliola Notosaria ))(Neorhynchia (Frieleia Hemithiris )))((Basiliolella (Parasphenarina (Basiliola_beecheri Basiliola_lucida )))(Cryptopora Tethyrhynchia )))))(Discina Pelagodiscus ))))*
(Novocrania (Neoancistrocrania ((Terebratulina (Terebratalia (((Acanthobasiliola Notosaria )(Manithyris (Neorhynchia (Frieleia Hemithiris ))))((Basiliolella (Parasphenarina (Basiliola_beecheri Basiliola_lucida )))(Cryptopora Tethyrhynchia )))))(Discina Pelagodiscus ))))*
(Novocrania (Neoancistrocrania ((Terebratulina (Terebratalia (((Cryptopora (Acanthobasiliola Notosaria ))(Manithyris (Neorhynchia (Frieleia Hemithiris ))))(Tethyrhynchia (Basiliola_lucida (Basiliolella (Basiliola_beecheri Parasphenarina )))))))(Discina Pelagodiscus ))))*
(Novocrania (Neoancistrocrania ((Terebratulina (Terebratalia (((Notosaria (Acanthobasiliola Cryptopora ))(Manithyris (Neorhynchia (Frieleia Hemithiris ))))(Tethyrhynchia (Parasphenarina (Basiliola_beecheri (Basiliola_lucida Basiliolella )))))))(Discina Pelagodiscus ))))*
(Novocrania (Neoancistrocrania ((Terebratulina (Terebratalia (((Manithyris (Notosaria (Acanthobasiliola Cryptopora )))(Neorhynchia (Frieleia Hemithiris )))(Tethyrhynchia (Parasphenarina (Basiliola_beecheri (Basiliola_lucida Basiliolella )))))))(Discina Pelagodiscus ))))*
(Novocrania (Neoancistrocrania ((Terebratulina (Terebratalia (((Manithyris (Notosaria (Acanthobasiliola Cryptopora )))(Neorhynchia (Frieleia Hemithiris )))(Tethyrhynchia (Parasphenarina (Basiliolella (Basiliola_beecheri Basiliola_lucida )))))))(Discina Pelagodiscus ))))*
(Novocrania (Neoancistrocrania ((Terebratulina (Terebratalia (((Manithyris (Notosaria (Acanthobasiliola Cryptopora )))(Neorhynchia (Frieleia Hemithiris )))(Parasphenarina (Basiliolella (Basiliola_lucida (Basiliola_beecheri Tethyrhynchia )))))))(Discina Pelagodiscus ))))*
(Novocrania (Neoancistrocrania ((Terebratulina (Terebratalia (((Manithyris (Notosaria (Acanthobasiliola Cryptopora )))(Neorhynchia (Frieleia Hemithiris )))(Tethyrhynchia (Basiliolella (Parasphenarina (Basiliola_beecheri Basiliola_lucida )))))))(Discina Pelagodiscus ))))*
(Novocrania (Neoancistrocrania ((Terebratulina (Terebratalia (((Manithyris (Notosaria (Acanthobasiliola Cryptopora )))(Neorhynchia (Frieleia Hemithiris )))(Tethyrhynchia (Basiliola_beecheri (Basiliola_lucida (Basiliolella Parasphenarina )))))))(Discina Pelagodiscus ))))*
(Novocrania (Neoancistrocrania ((Terebratulina (Terebratalia (((Cryptopora (Acanthobasiliola Notosaria ))(Manithyris (Neorhynchia (Frieleia Hemithiris ))))(Tethyrhynchia (Basiliola_beecheri (Basiliola_lucida (Basiliolella Parasphenarina )))))))(Discina Pelagodiscus ))))*
(Novocrania (Neoancistrocrania ((Terebratulina (Terebratalia (((Notosaria (Acanthobasiliola Cryptopora ))(Manithyris (Neorhynchia (Frieleia Hemithiris ))))(Tethyrhynchia (Parasphenarina (Basiliolella (Basiliola_beecheri Basiliola_lucida )))))))(Discina Pelagodiscus ))))*
(Novocrania (Neoancistrocrania ((Terebratulina (Terebratalia (((Notosaria (Acanthobasiliola Cryptopora ))(Manithyris (Neorhynchia (Frieleia Hemithiris ))))(Tethyrhynchia (Basiliolella (Parasphenarina (Basiliola_beecheri Basiliola_lucida )))))))(Discina Pelagodiscus ))))*
(Novocrania (Neoancistrocrania ((Terebratulina (Terebratalia (((Notosaria (Acanthobasiliola Cryptopora ))(Manithyris (Neorhynchia (Frieleia Hemithiris ))))(Tethyrhynchia (Basiliola_beecheri (Parasphenarina (Basiliola_lucida Basiliolella )))))))(Discina Pelagodiscus ))))*
(Novocrania (Neoancistrocrania ((Terebratulina (Terebratalia (((Cryptopora (Acanthobasiliola Notosaria ))(Manithyris (Neorhynchia (Frieleia Hemithiris ))))(Tethyrhynchia (Basiliola_beecheri (Parasphenarina (Basiliola_lucida Basiliolella )))))))(Discina Pelagodiscus ))))*
(Novocrania (Neoancistrocrania ((Terebratulina (Terebratalia (((Cryptopora (Acanthobasiliola Notosaria ))(Manithyris (Neorhynchia (Frieleia Hemithiris ))))(Tethyrhynchia (Basiliolella (Parasphenarina (Basiliola_beecheri Basiliola_lucida )))))))(Discina Pelagodiscus ))))*
(Novocrania (Neoancistrocrania ((Terebratulina (Terebratalia (((Notosaria (Acanthobasiliola Cryptopora ))(Manithyris (Neorhynchia (Frieleia Hemithiris ))))(Tethyrhynchia (Basiliola_beecheri (Basiliola_lucida (Basiliolella Parasphenarina )))))))(Discina Pelagodiscus ))))*
(Novocrania (Neoancistrocrania ((Terebratulina (Terebratalia (((Cryptopora (Acanthobasiliola Notosaria ))(Manithyris (Neorhynchia (Frieleia Hemithiris ))))(Tethyrhynchia (Parasphenarina (Basiliolella (Basiliola_beecheri Basiliola_lucida )))))))(Discina Pelagodiscus ))));
proc-;
